#
# There is insufficient memory for the Java Runtime Environment to continue.
# Native memory allocation (malloc) failed to allocate 552736 bytes for Chunk::new
# Possible reasons:
#   The system is out of physical RAM or swap space
#   In 32 bit mode, the process size limit was hit
# Possible solutions:
#   Reduce memory load on the system
#   Increase physical memory or swap space
#   Check if swap backing store is full
#   Use 64 bit Java on a 64 bit OS
#   Decrease Java heap size (-Xmx/-Xms)
#   Decrease number of Java threads
#   Decrease Java thread stack sizes (-Xss)
#   Set larger code cache with -XX:ReservedCodeCacheSize=
# This output file may be truncated or incomplete.
#
#  Out of Memory Error (allocation.cpp:328), pid=6252, tid=4472
#
# JRE version: 7.0_09-b05
# Java VM: Java HotSpot(TM) 64-Bit Server VM (23.5-b02 mixed mode windows-amd64 compressed oops)
# Failed to write core dump. Minidumps are not enabled by default on client versions of Windows
#

---------------  T H R E A D  ---------------

Current thread (0x00000000092af800):  JavaThread "C2 CompilerThread0" daemon [_thread_in_native, id=4472, stack(0x000000000a880000,0x000000000a980000)]

Stack: [0x000000000a880000,0x000000000a980000]

Current CompileTask:
C2:    974  146             com.android.dx.ssa.SsaConverter::placePhiFunctions (394 bytes)


---------------  P R O C E S S  ---------------

Java Threads: ( => current thread )
  0x000000000ad6d000 JavaThread "pool-2-thread-4" [_thread_in_vm, id=5088, stack(0x000000000b480000,0x000000000b580000)]
  0x000000000ad6c800 JavaThread "pool-2-thread-3" [_thread_in_vm, id=3424, stack(0x000000000b380000,0x000000000b480000)]
  0x000000000adf5000 JavaThread "pool-2-thread-2" [_thread_in_vm, id=1048, stack(0x000000000b280000,0x000000000b380000)]
  0x000000000adf4000 JavaThread "pool-3-thread-1" [_thread_blocked, id=4416, stack(0x000000000b180000,0x000000000b280000)]
  0x000000000936e000 JavaThread "pool-2-thread-1" [_thread_in_vm, id=4444, stack(0x000000000b080000,0x000000000b180000)]
  0x00000000092c2800 JavaThread "Service Thread" daemon [_thread_blocked, id=4504, stack(0x000000000aa80000,0x000000000ab80000)]
  0x00000000092b1000 JavaThread "C2 CompilerThread1" daemon [_thread_in_native, id=2640, stack(0x000000000a980000,0x000000000aa80000)]
=>0x00000000092af800 JavaThread "C2 CompilerThread0" daemon [_thread_in_native, id=4472, stack(0x000000000a880000,0x000000000a980000)]
  0x00000000092ae800 JavaThread "Attach Listener" daemon [_thread_blocked, id=4772, stack(0x000000000a780000,0x000000000a880000)]
  0x00000000092ab000 JavaThread "Signal Dispatcher" daemon [_thread_blocked, id=1324, stack(0x000000000a680000,0x000000000a780000)]
  0x0000000009241800 JavaThread "Finalizer" daemon [_thread_blocked, id=3692, stack(0x000000000a580000,0x000000000a680000)]
  0x000000000923e000 JavaThread "Reference Handler" daemon [_thread_blocked, id=6616, stack(0x000000000a480000,0x000000000a580000)]
  0x0000000002da0800 JavaThread "main" [_thread_in_vm, id=4380, stack(0x0000000002ca0000,0x0000000002da0000)]

Other Threads:
  0x0000000009236000 VMThread [stack: 0x000000000a380000,0x000000000a480000] [id=3368]
  0x00000000092db800 WatcherThread [stack: 0x000000000ab80000,0x000000000ac80000] [id=5608]

VM state:not at safepoint (normal execution)

VM Mutex/Monitor currently owned by a thread: None

Heap
 PSYoungGen      total 28224K, used 20269K [0x00000000eaab0000, 0x00000000eca20000, 0x0000000100000000)
  eden space 24256K, 83% used [0x00000000eaab0000,0x00000000ebe7b400,0x00000000ec260000)
  from space 3968K, 0% used [0x00000000ec640000,0x00000000ec640000,0x00000000eca20000)
  to   space 3968K, 0% used [0x00000000ec260000,0x00000000ec260000,0x00000000ec640000)
 ParOldGen       total 64448K, used 0K [0x00000000c0000000, 0x00000000c3ef0000, 0x00000000eaab0000)
  object space 64448K, 0% used [0x00000000c0000000,0x00000000c0000000,0x00000000c3ef0000)
 PSPermGen       total 21248K, used 5808K [0x00000000bae00000, 0x00000000bc2c0000, 0x00000000c0000000)
  object space 21248K, 27% used [0x00000000bae00000,0x00000000bb3ac180,0x00000000bc2c0000)

Card table byte_map: [0x0000000005ea0000,0x00000000060d0000] byte_map_base: 0x00000000058c9000

Polling page: 0x00000000012e0000

Code Cache  [0x0000000002ea0000, 0x0000000003110000, 0x0000000005ea0000)
 total_blobs=385 nmethods=150 adapters=186 free_code_cache=48530Kb largest_free_block=49671232

Compilation events (10 events):
Event: 0.961 Thread 0x00000000092b1000 nmethod 147 0x0000000002f3e390 code [0x0000000002f3e600, 0x0000000002f3f550]
Event: 0.961 Thread 0x00000000092b1000  148             com.android.dx.ssa.NormalSsaInsn::isNormalMoveInsn (20 bytes)
Event: 0.962 Thread 0x00000000092b1000 nmethod 148 0x0000000002f0dc50 code [0x0000000002f0dd80, 0x0000000002f0ddf8]
Event: 0.962 Thread 0x00000000092b1000  149             com.android.dx.rop.code.Insn::getPosition (5 bytes)
Event: 0.962 Thread 0x00000000092b1000 nmethod 149 0x0000000002f0da50 code [0x0000000002f0db80, 0x0000000002f0dbd8]
Event: 0.962 Thread 0x00000000092b1000  150             java.util.BitSet::or (105 bytes)
Event: 0.967 Thread 0x00000000092b1000 nmethod 150 0x0000000002f0d490 code [0x0000000002f0d5e0, 0x0000000002f0d828]
Event: 0.967 Thread 0x00000000092b1000  151             com.android.dx.rop.code.BasicBlock::getSuccessors (5 bytes)
Event: 0.967 Thread 0x00000000092b1000 nmethod 151 0x0000000002f0d290 code [0x0000000002f0d3c0, 0x0000000002f0d418]
Event: 0.967 Thread 0x00000000092b1000  152             com.android.dx.ssa.SsaMethod::mapRegisters (87 bytes)

GC Heap History (0 events):
No events

Deoptimization events (6 events):
Event: 0.660 Thread 0x000000000adf5000 Uncommon trap -12 fr.pc 0x0000000002f19d54
Event: 0.851 Thread 0x000000000ad6c800 Uncommon trap -34 fr.pc 0x0000000002f305a0
Event: 0.851 Thread 0x000000000ad6c800 Uncommon trap -34 fr.pc 0x0000000002f305a0
Event: 0.851 Thread 0x000000000ad6c800 Uncommon trap -34 fr.pc 0x0000000002f305a0
Event: 0.852 Thread 0x000000000ad6c800 Uncommon trap -34 fr.pc 0x0000000002f305a0
Event: 0.852 Thread 0x000000000ad6c800 Uncommon trap -34 fr.pc 0x0000000002f18058

Internal exceptions (10 events):
Event: 0.499 Thread 0x000000000adf5000 Threw 0x00000000eb3ab760 at C:\jdk7u1_64p\jdk7u9\hotspot\src\share\vm\prims\jvm.cpp:1166
Event: 0.500 Thread 0x000000000adf5000 Threw 0x00000000eb3b16b0 at C:\jdk7u1_64p\jdk7u9\hotspot\src\share\vm\prims\jvm.cpp:1166
Event: 0.501 Thread 0x000000000ad6d000 Threw 0x00000000eb26b2a8 at C:\jdk7u1_64p\jdk7u9\hotspot\src\share\vm\prims\jvm.cpp:1166
Event: 0.502 Thread 0x0000000002da0800 Threw 0x00000000eb4277c0 at C:\jdk7u1_64p\jdk7u9\hotspot\src\share\vm\prims\jvm.cpp:1166
Event: 0.503 Thread 0x0000000002da0800 Threw 0x00000000eb42d590 at C:\jdk7u1_64p\jdk7u9\hotspot\src\share\vm\prims\jvm.cpp:1166
Event: 0.507 Thread 0x0000000002da0800 Threw 0x00000000eb436f28 at C:\jdk7u1_64p\jdk7u9\hotspot\src\share\vm\prims\jvm.cpp:1166
Event: 0.510 Thread 0x0000000002da0800 Threw 0x00000000eb43dc70 at C:\jdk7u1_64p\jdk7u9\hotspot\src\share\vm\prims\jvm.cpp:1166
Event: 0.532 Thread 0x000000000ad6c800 Threw 0x00000000eb22f060 at C:\jdk7u1_64p\jdk7u9\hotspot\src\share\vm\prims\jvm.cpp:1166
Event: 0.537 Thread 0x000000000936e000 Threw 0x00000000eb1c4300 at C:\jdk7u1_64p\jdk7u9\hotspot\src\share\vm\prims\jvm.cpp:1166
Event: 0.660 Thread 0x000000000adf5000 Implicit null exception at 0x0000000002f199ed to 0x0000000002f19d41

Events (10 events):
Event: 0.851 Thread 0x000000000ad6c800 DEOPT PACKING pc=0x0000000002f305a0 sp=0x000000000b47e710
Event: 0.851 Thread 0x000000000ad6c800 DEOPT UNPACKING pc=0x0000000002ed9164 sp=0x000000000b47e630 mode 2
Event: 0.851 Thread 0x000000000ad6c800 DEOPT PACKING pc=0x0000000002f305a0 sp=0x000000000b47e6e0
Event: 0.852 Thread 0x000000000ad6c800 DEOPT UNPACKING pc=0x0000000002ed9164 sp=0x000000000b47e5f0 mode 2
Event: 0.852 Thread 0x000000000ad6c800 DEOPT PACKING pc=0x0000000002f305a0 sp=0x000000000b47e920
Event: 0.852 Thread 0x000000000ad6c800 DEOPT UNPACKING pc=0x0000000002ed9164 sp=0x000000000b47e840 mode 2
Event: 0.852 Thread 0x000000000ad6c800 DEOPT PACKING pc=0x0000000002f18058 sp=0x000000000b47e920
Event: 0.852 Thread 0x000000000ad6c800 DEOPT UNPACKING pc=0x0000000002ed9164 sp=0x000000000b47e870 mode 2
Event: 0.875 loading class 0x000000000926bbb0
Event: 0.875 loading class 0x000000000926bbb0 done


Dynamic libraries:
0x00007ff6bad30000 - 0x00007ff6bad63000 	C:\Program Files\Java\jdk1.7.0_09\bin\java.exe
0x00007ff8dd520000 - 0x00007ff8dd6e1000 	C:\WINDOWS\SYSTEM32\ntdll.dll
0x00007ff8dacd0000 - 0x00007ff8dad7d000 	C:\WINDOWS\system32\KERNEL32.DLL
0x00007ff8da090000 - 0x00007ff8da278000 	C:\WINDOWS\system32\KERNELBASE.dll
0x00007ff8d8330000 - 0x00007ff8d83a9000 	C:\WINDOWS\system32\apphelp.dll
0x00007ff8dac20000 - 0x00007ff8dacc7000 	C:\WINDOWS\system32\ADVAPI32.dll
0x00007ff8dd0d0000 - 0x00007ff8dd16d000 	C:\WINDOWS\system32\msvcrt.dll
0x00007ff8daeb0000 - 0x00007ff8daf0b000 	C:\WINDOWS\system32\sechost.dll
0x00007ff8db070000 - 0x00007ff8db18c000 	C:\WINDOWS\system32\RPCRT4.dll
0x00007ff8daf10000 - 0x00007ff8db066000 	C:\WINDOWS\system32\USER32.dll
0x00007ff8da920000 - 0x00007ff8daaa6000 	C:\WINDOWS\system32\GDI32.dll
0x00007ff8ccca0000 - 0x00007ff8ccf14000 	C:\WINDOWS\WinSxS\amd64_microsoft.windows.common-controls_6595b64144ccf1df_6.0.10586.494_none_a2d8b04ea53e3145\COMCTL32.dll
0x00007ff8db5d0000 - 0x00007ff8db84d000 	C:\WINDOWS\system32\combase.dll
0x00007ff8d9e50000 - 0x00007ff8d9eba000 	C:\WINDOWS\system32\bcryptPrimitives.dll
0x00007ff8dad80000 - 0x00007ff8dadbb000 	C:\WINDOWS\system32\IMM32.DLL
0x0000000057650000 - 0x0000000057721000 	C:\Program Files\Java\jdk1.7.0_09\jre\bin\msvcr100.dll
0x0000000057a70000 - 0x000000005818f000 	C:\Program Files\Java\jdk1.7.0_09\jre\bin\server\jvm.dll
0x00007ff8db5c0000 - 0x00007ff8db5c8000 	C:\WINDOWS\system32\PSAPI.DLL
0x00007ff8cc1a0000 - 0x00007ff8cc1a9000 	C:\WINDOWS\SYSTEM32\WSOCK32.dll
0x00007ff8dadc0000 - 0x00007ff8dae2b000 	C:\WINDOWS\system32\WS2_32.dll
0x00007ff8d7dc0000 - 0x00007ff8d7de3000 	C:\WINDOWS\SYSTEM32\WINMM.dll
0x00007ff8d7d90000 - 0x00007ff8d7dbc000 	C:\WINDOWS\SYSTEM32\WINMMBASE.dll
0x00007ff8da280000 - 0x00007ff8da2c3000 	C:\WINDOWS\system32\cfgmgr32.dll
0x0000000057a60000 - 0x0000000057a6f000 	C:\Program Files\Java\jdk1.7.0_09\jre\bin\verify.dll
0x0000000057a30000 - 0x0000000057a58000 	C:\Program Files\Java\jdk1.7.0_09\jre\bin\java.dll
0x0000000057a10000 - 0x0000000057a25000 	C:\Program Files\Java\jdk1.7.0_09\jre\bin\zip.dll
0x00000000579f0000 - 0x0000000057a09000 	C:\Program Files\Java\jdk1.7.0_09\jre\bin\net.dll
0x00007ff8d9410000 - 0x00007ff8d946c000 	C:\WINDOWS\system32\mswsock.dll
0x00000000579d0000 - 0x00000000579e1000 	C:\Program Files\Java\jdk1.7.0_09\jre\bin\nio.dll

VM Arguments:
jvm_args: -Djava.awt.headless=true -Xmx1024M -Dfile.encoding=windows-1252 -Duser.country=PE -Duser.language=es -Duser.variant 
java_command: com.android.dx.command.Main --dex --force-jumbo --num-threads=4 --multi-dex --output D:\Documentos\Proyectos_AndroidStudio\Android_MVP_Simple_Example\app\build\intermediates\transforms\dex\debug\folders\1000\10\instant-run_84609241709474c51a86c9a56c5eac8d9542c579 D:\Documentos\Proyectos_AndroidStudio\Android_MVP_Simple_Example\app\build\intermediates\incremental-runtime-classes\debug\instant-run.jar
Launcher Type: SUN_STANDARD

Environment Variables:
JAVA_HOME=C:\Program Files\Java\jdk1.7.0_09
PATH=C:\ProgramData\Oracle\Java\javapath;C:\Program Files (x86)\Rockwell Software\RSCommon;C:\WINDOWS\system32;C:\WINDOWS;C:\WINDOWS\System32\Wbem;C:\WINDOWS\System32\WindowsPowerShell\v1.0\;C:\Program Files\Java\jdk1.7.0_09\bin\;C:\Program Files\MySQL\MySQL Server 5.5\bin;C:\Program Files\Microsoft SQL Server\110\DTS\Binn\;C:\Program Files (x86)\Microsoft SQL Server\110\Tools\Binn\;C:\Program Files\Microsoft SQL Server\110\Tools\Binn\;C:\Program Files (x86)\Microsoft SQL Server\110\Tools\Binn\ManagementStudio\;C:\Program Files (x86)\Microsoft Visual Studio 10.0\Common7\IDE\PrivateAssemblies\;C:\Program Files (x86)\Microsoft SQL Server\110\DTS\Binn\;C:\Program Files\Microsoft\Web Platform Installer\;C:\Program Files (x86)\Microsoft ASP.NET\ASP.NET Web Pages\v1.0\;C:\Program Files (x86)\Windows Kits\8.0\Windows Performance Toolkit\;C:\Python27;C:\android-sdk-windows\SDK Manager.exe;C:\Program Files (x86)\Intel\OpenCL SDK\2.0\bin\x86;C:\Program Files (x86)\Intel\OpenCL SDK\2.0\bin\x64;C:\Program Files (x86)\GtkSharp\2.12\bin;C:\Program Files (x86)\Skype\Phone\;
USERNAME=Neyo
OS=Windows_NT
PROCESSOR_IDENTIFIER=Intel64 Family 6 Model 42 Stepping 7, GenuineIntel



---------------  S Y S T E M  ---------------

OS: Windows 8 , 64 bit Build 9200 

CPU:total 4 (2 cores per cpu, 2 threads per core) family 6 model 42 stepping 7, cmov, cx8, fxsr, mmx, sse, sse2, sse3, ssse3, sse4.1, sse4.2, popcnt, avx, ht, tsc, tscinvbit

Memory: 4k page, physical 6183080k(1045192k free), swap 8011484k(5120k free)

vm_info: Java HotSpot(TM) 64-Bit Server VM (23.5-b02) for windows-amd64 JRE (1.7.0_09-b05), built on Sep 24 2012 21:45:04 by "java_re" with unknown MS VC++:1600

time: Thu Jul 28 02:54:50 2016
elapsed time: 0 seconds

