#
# There is insufficient memory for the Java Runtime Environment to continue.
# Native memory allocation (malloc) failed to allocate 454976 bytes for Chunk::new
# Possible reasons:
#   The system is out of physical RAM or swap space
#   In 32 bit mode, the process size limit was hit
# Possible solutions:
#   Reduce memory load on the system
#   Increase physical memory or swap space
#   Check if swap backing store is full
#   Use 64 bit Java on a 64 bit OS
#   Decrease Java heap size (-Xmx/-Xms)
#   Decrease number of Java threads
#   Decrease Java thread stack sizes (-Xss)
#   Set larger code cache with -XX:ReservedCodeCacheSize=
# This output file may be truncated or incomplete.
#
#  Out of Memory Error (allocation.cpp:328), pid=5240, tid=4036
#
# JRE version: 7.0_09-b05
# Java VM: Java HotSpot(TM) 64-Bit Server VM (23.5-b02 mixed mode windows-amd64 compressed oops)
# Failed to write core dump. Minidumps are not enabled by default on client versions of Windows
#

---------------  T H R E A D  ---------------

Current thread (0x00000000091bc800):  JavaThread "C2 CompilerThread1" daemon [_thread_in_native, id=4036, stack(0x000000000a870000,0x000000000a970000)]

Stack: [0x000000000a870000,0x000000000a970000]

Current CompileTask:
C2:   1403  158             com.android.dx.ssa.SsaConverter::placePhiFunctions (394 bytes)


---------------  P R O C E S S  ---------------

Java Threads: ( => current thread )
  0x000000000920f000 JavaThread "pool-2-thread-3" [_thread_in_Java, id=3692, stack(0x000000000b270000,0x000000000b370000)]
  0x000000000920d800 JavaThread "pool-3-thread-1" [_thread_blocked, id=6616, stack(0x000000000b070000,0x000000000b170000)]
  0x00000000091f4800 JavaThread "pool-2-thread-1" [_thread_in_Java, id=4832, stack(0x000000000af70000,0x000000000b070000)]
  0x00000000091bf800 JavaThread "Service Thread" daemon [_thread_blocked, id=5476, stack(0x000000000a970000,0x000000000aa70000)]
=>0x00000000091bc800 JavaThread "C2 CompilerThread1" daemon [_thread_in_native, id=4036, stack(0x000000000a870000,0x000000000a970000)]
  0x00000000091af800 JavaThread "C2 CompilerThread0" daemon [_thread_blocked, id=3368, stack(0x000000000a770000,0x000000000a870000)]
  0x00000000091ae800 JavaThread "Attach Listener" daemon [_thread_blocked, id=6412, stack(0x000000000a670000,0x000000000a770000)]
  0x00000000091ab000 JavaThread "Signal Dispatcher" daemon [_thread_blocked, id=6724, stack(0x000000000a570000,0x000000000a670000)]
  0x0000000009141000 JavaThread "Finalizer" daemon [_thread_blocked, id=5556, stack(0x000000000a470000,0x000000000a570000)]
  0x000000000913d800 JavaThread "Reference Handler" daemon [_thread_blocked, id=2244, stack(0x000000000a370000,0x000000000a470000)]
  0x0000000002c70800 JavaThread "main" [_thread_blocked, id=4380, stack(0x0000000002a70000,0x0000000002b70000)]

Other Threads:
  0x0000000009136000 VMThread [stack: 0x000000000a270000,0x000000000a370000] [id=6132]
  0x00000000091cc800 WatcherThread [stack: 0x000000000aa70000,0x000000000ab70000] [id=4876]

VM state:not at safepoint (normal execution)

VM Mutex/Monitor currently owned by a thread: None

Heap
 PSYoungGen      total 28224K, used 19742K [0x00000000eaab0000, 0x00000000eca20000, 0x0000000100000000)
  eden space 24256K, 81% used [0x00000000eaab0000,0x00000000ebdf78a8,0x00000000ec260000)
  from space 3968K, 0% used [0x00000000ec640000,0x00000000ec640000,0x00000000eca20000)
  to   space 3968K, 0% used [0x00000000ec260000,0x00000000ec260000,0x00000000ec640000)
 ParOldGen       total 64448K, used 0K [0x00000000c0000000, 0x00000000c3ef0000, 0x00000000eaab0000)
  object space 64448K, 0% used [0x00000000c0000000,0x00000000c0000000,0x00000000c3ef0000)
 PSPermGen       total 21248K, used 5362K [0x00000000bae00000, 0x00000000bc2c0000, 0x00000000c0000000)
  object space 21248K, 25% used [0x00000000bae00000,0x00000000bb33c870,0x00000000bc2c0000)

Card table byte_map: [0x0000000005d70000,0x0000000005fa0000] byte_map_base: 0x0000000005799000

Polling page: 0x0000000001230000

Code Cache  [0x0000000002d70000, 0x0000000002fe0000, 0x0000000005d70000)
 total_blobs=380 nmethods=168 adapters=163 free_code_cache=48541Kb largest_free_block=49683008

Compilation events (10 events):
Event: 1.369 Thread 0x00000000091af800 nmethod 159 0x0000000002e06d50 code [0x0000000002e06e80, 0x0000000002e06f18]
Event: 1.369 Thread 0x00000000091af800  160  s          java.util.Vector::elementAt (48 bytes)
Event: 1.371 Thread 0x00000000091af800 nmethod 160 0x0000000002e06850 code [0x0000000002e069a0, 0x0000000002e06c18]
Event: 1.371 Thread 0x00000000091af800  161  s          java.util.Stack::peek (25 bytes)
Event: 1.372 Thread 0x00000000091af800 nmethod 161 0x0000000002e06210 code [0x0000000002e06360, 0x0000000002e065f8]
Event: 1.372 Thread 0x00000000091af800  162  s          java.util.Vector::removeElementAt (115 bytes)
Event: 1.376 Thread 0x00000000091af800 nmethod 162 0x0000000002e08d10 code [0x0000000002e08e60, 0x0000000002e09278]
Event: 1.376 Thread 0x00000000091af800  163  s          java.util.Stack::pop (19 bytes)
Event: 1.378 Thread 0x00000000091af800 nmethod 163 0x0000000002e08590 code [0x0000000002e086e0, 0x0000000002e08aa8]
Event: 1.378 Thread 0x00000000091af800  164  s          java.util.Vector::add (39 bytes)

GC Heap History (0 events):
No events

Deoptimization events (9 events):
Event: 0.791 Thread 0x000000000920e800 Uncommon trap -34 fr.pc 0x0000000002dda0a4
Event: 0.791 Thread 0x000000000920e800 Uncommon trap -34 fr.pc 0x0000000002dda0a4
Event: 0.791 Thread 0x000000000920e800 Uncommon trap -34 fr.pc 0x0000000002dda0a4
Event: 0.791 Thread 0x000000000920e800 Uncommon trap -34 fr.pc 0x0000000002dda0a4
Event: 0.984 Thread 0x0000000002c70800 Uncommon trap -34 fr.pc 0x0000000002ddc1e0
Event: 1.005 Thread 0x000000000ac69000 Uncommon trap -34 fr.pc 0x0000000002ddc1e0
Event: 1.005 Thread 0x000000000ac69000 Uncommon trap -34 fr.pc 0x0000000002ddc1e0
Event: 1.011 Thread 0x00000000091f4800 Uncommon trap -34 fr.pc 0x0000000002ddc1e0
Event: 1.152 Thread 0x000000000920e800 Uncommon trap -83 fr.pc 0x0000000002de9c74

Internal exceptions (10 events):
Event: 0.979 Thread 0x0000000002c70800 Threw 0x00000000eb2e5220 at C:\jdk7u1_64p\jdk7u9\hotspot\src\share\vm\prims\jvm.cpp:1166
Event: 0.979 Thread 0x0000000002c70800 Threw 0x00000000eb2eb370 at C:\jdk7u1_64p\jdk7u9\hotspot\src\share\vm\prims\jvm.cpp:1166
Event: 0.980 Thread 0x0000000002c70800 Threw 0x00000000eb2ef990 at C:\jdk7u1_64p\jdk7u9\hotspot\src\share\vm\prims\jvm.cpp:1166
Event: 0.981 Thread 0x0000000002c70800 Threw 0x00000000eb2f52c0 at C:\jdk7u1_64p\jdk7u9\hotspot\src\share\vm\prims\jvm.cpp:1166
Event: 0.982 Thread 0x0000000002c70800 Threw 0x00000000eb2fde90 at C:\jdk7u1_64p\jdk7u9\hotspot\src\share\vm\prims\jvm.cpp:1166
Event: 0.983 Thread 0x0000000002c70800 Threw 0x00000000eb3032a8 at C:\jdk7u1_64p\jdk7u9\hotspot\src\share\vm\prims\jvm.cpp:1166
Event: 0.983 Thread 0x0000000002c70800 Threw 0x00000000eb3064c8 at C:\jdk7u1_64p\jdk7u9\hotspot\src\share\vm\prims\jvm.cpp:1166
Event: 0.984 Thread 0x0000000002c70800 Threw 0x00000000eb30ea40 at C:\jdk7u1_64p\jdk7u9\hotspot\src\share\vm\prims\jvm.cpp:1166
Event: 1.009 Thread 0x000000000ac69000 Threw 0x00000000eb373148 at C:\jdk7u1_64p\jdk7u9\hotspot\src\share\vm\prims\jvm.cpp:1166
Event: 1.048 Thread 0x00000000091f4800 Threw 0x00000000eb52c340 at C:\jdk7u1_64p\jdk7u9\hotspot\src\share\vm\prims\jvm.cpp:1166

Events (10 events):
Event: 1.053 loading class 0x000000000916cbd0 done
Event: 1.152 Thread 0x000000000920e800 DEOPT PACKING pc=0x0000000002de9c74 sp=0x000000000b26e620
Event: 1.152 Thread 0x000000000920e800 DEOPT UNPACKING pc=0x0000000002da9164 sp=0x000000000b26e5c8 mode 2
Event: 1.199 loading class 0x000000000908e3f0
Event: 1.199 loading class 0x000000000908e3f0 done
Event: 1.337 loading class 0x000000000908b750
Event: 1.337 loading class 0x000000000908b750 done
Event: 1.337 loading class 0x0000000009146020
Event: 1.337 loading class 0x0000000009146020 done
Event: 1.360 Thread 0x000000000920e800 Thread exited: 0x000000000920e800


Dynamic libraries:
0x00007ff6bad30000 - 0x00007ff6bad63000 	C:\Program Files\Java\jdk1.7.0_09\bin\java.exe
0x00007ff8dd520000 - 0x00007ff8dd6e1000 	C:\WINDOWS\SYSTEM32\ntdll.dll
0x00007ff8dacd0000 - 0x00007ff8dad7d000 	C:\WINDOWS\system32\KERNEL32.DLL
0x00007ff8da090000 - 0x00007ff8da278000 	C:\WINDOWS\system32\KERNELBASE.dll
0x00007ff8d8330000 - 0x00007ff8d83a9000 	C:\WINDOWS\system32\apphelp.dll
0x00007ff8dac20000 - 0x00007ff8dacc7000 	C:\WINDOWS\system32\ADVAPI32.dll
0x00007ff8dd0d0000 - 0x00007ff8dd16d000 	C:\WINDOWS\system32\msvcrt.dll
0x00007ff8daeb0000 - 0x00007ff8daf0b000 	C:\WINDOWS\system32\sechost.dll
0x00007ff8db070000 - 0x00007ff8db18c000 	C:\WINDOWS\system32\RPCRT4.dll
0x00007ff8daf10000 - 0x00007ff8db066000 	C:\WINDOWS\system32\USER32.dll
0x00007ff8da920000 - 0x00007ff8daaa6000 	C:\WINDOWS\system32\GDI32.dll
0x00007ff8ccca0000 - 0x00007ff8ccf14000 	C:\WINDOWS\WinSxS\amd64_microsoft.windows.common-controls_6595b64144ccf1df_6.0.10586.494_none_a2d8b04ea53e3145\COMCTL32.dll
0x00007ff8db5d0000 - 0x00007ff8db84d000 	C:\WINDOWS\system32\combase.dll
0x00007ff8d9e50000 - 0x00007ff8d9eba000 	C:\WINDOWS\system32\bcryptPrimitives.dll
0x00007ff8dad80000 - 0x00007ff8dadbb000 	C:\WINDOWS\system32\IMM32.DLL
0x0000000057650000 - 0x0000000057721000 	C:\Program Files\Java\jdk1.7.0_09\jre\bin\msvcr100.dll
0x0000000057a70000 - 0x000000005818f000 	C:\Program Files\Java\jdk1.7.0_09\jre\bin\server\jvm.dll
0x00007ff8db5c0000 - 0x00007ff8db5c8000 	C:\WINDOWS\system32\PSAPI.DLL
0x00007ff8cc1a0000 - 0x00007ff8cc1a9000 	C:\WINDOWS\SYSTEM32\WSOCK32.dll
0x00007ff8dadc0000 - 0x00007ff8dae2b000 	C:\WINDOWS\system32\WS2_32.dll
0x00007ff8d7dc0000 - 0x00007ff8d7de3000 	C:\WINDOWS\SYSTEM32\WINMM.dll
0x00007ff8d7d90000 - 0x00007ff8d7dbc000 	C:\WINDOWS\SYSTEM32\WINMMBASE.dll
0x00007ff8da280000 - 0x00007ff8da2c3000 	C:\WINDOWS\system32\cfgmgr32.dll
0x0000000057a60000 - 0x0000000057a6f000 	C:\Program Files\Java\jdk1.7.0_09\jre\bin\verify.dll
0x0000000057a30000 - 0x0000000057a58000 	C:\Program Files\Java\jdk1.7.0_09\jre\bin\java.dll
0x0000000057a10000 - 0x0000000057a25000 	C:\Program Files\Java\jdk1.7.0_09\jre\bin\zip.dll

VM Arguments:
jvm_args: -Djava.awt.headless=true -Xmx1024M -Dfile.encoding=windows-1252 -Duser.country=PE -Duser.language=es -Duser.variant 
java_command: com.android.dx.command.Main --dex --force-jumbo --num-threads=4 --multi-dex --output D:\Documentos\Proyectos_AndroidStudio\Android_MVP_Simple_Example\app\build\intermediates\transforms\dex\debug\folders\1000\5\slice_0 D:\Documentos\Proyectos_AndroidStudio\Android_MVP_Simple_Example\app\build\intermediates\transforms\instantRunSlicer\debug\folders\1\5\slice_0
Launcher Type: SUN_STANDARD

Environment Variables:
JAVA_HOME=C:\Program Files\Java\jdk1.7.0_09
PATH=C:\ProgramData\Oracle\Java\javapath;C:\Program Files (x86)\Rockwell Software\RSCommon;C:\WINDOWS\system32;C:\WINDOWS;C:\WINDOWS\System32\Wbem;C:\WINDOWS\System32\WindowsPowerShell\v1.0\;C:\Program Files\Java\jdk1.7.0_09\bin\;C:\Program Files\MySQL\MySQL Server 5.5\bin;C:\Program Files\Microsoft SQL Server\110\DTS\Binn\;C:\Program Files (x86)\Microsoft SQL Server\110\Tools\Binn\;C:\Program Files\Microsoft SQL Server\110\Tools\Binn\;C:\Program Files (x86)\Microsoft SQL Server\110\Tools\Binn\ManagementStudio\;C:\Program Files (x86)\Microsoft Visual Studio 10.0\Common7\IDE\PrivateAssemblies\;C:\Program Files (x86)\Microsoft SQL Server\110\DTS\Binn\;C:\Program Files\Microsoft\Web Platform Installer\;C:\Program Files (x86)\Microsoft ASP.NET\ASP.NET Web Pages\v1.0\;C:\Program Files (x86)\Windows Kits\8.0\Windows Performance Toolkit\;C:\Python27;C:\android-sdk-windows\SDK Manager.exe;C:\Program Files (x86)\Intel\OpenCL SDK\2.0\bin\x86;C:\Program Files (x86)\Intel\OpenCL SDK\2.0\bin\x64;C:\Program Files (x86)\GtkSharp\2.12\bin;C:\Program Files (x86)\Skype\Phone\;
USERNAME=Neyo
OS=Windows_NT
PROCESSOR_IDENTIFIER=Intel64 Family 6 Model 42 Stepping 7, GenuineIntel



---------------  S Y S T E M  ---------------

OS: Windows 8 , 64 bit Build 9200 

CPU:total 4 (2 cores per cpu, 2 threads per core) family 6 model 42 stepping 7, cmov, cx8, fxsr, mmx, sse, sse2, sse3, ssse3, sse4.1, sse4.2, popcnt, avx, ht, tsc, tscinvbit

Memory: 4k page, physical 6183080k(1132260k free), swap 8011236k(4160k free)

vm_info: Java HotSpot(TM) 64-Bit Server VM (23.5-b02) for windows-amd64 JRE (1.7.0_09-b05), built on Sep 24 2012 21:45:04 by "java_re" with unknown MS VC++:1600

time: Thu Jul 28 02:54:49 2016
elapsed time: 1 seconds

