#
# There is insufficient memory for the Java Runtime Environment to continue.
# Native memory allocation (malloc) failed to allocate 1048576 bytes for E in C:\jdk7u1_64p\jdk7u9\hotspot\src\share\vm\utilities/taskqueue.hpp
# Possible reasons:
#   The system is out of physical RAM or swap space
#   In 32 bit mode, the process size limit was hit
# Possible solutions:
#   Reduce memory load on the system
#   Increase physical memory or swap space
#   Check if swap backing store is full
#   Use 64 bit Java on a 64 bit OS
#   Decrease Java heap size (-Xmx/-Xms)
#   Decrease number of Java threads
#   Decrease Java thread stack sizes (-Xss)
#   Set larger code cache with -XX:ReservedCodeCacheSize=
# This output file may be truncated or incomplete.
#
#  Out of Memory Error (memory/allocation.inline.hpp:58), pid=5356, tid=5440
#
# JRE version: 7.0_09-b05
# Java VM: Java HotSpot(TM) 64-Bit Server VM (23.5-b02 mixed mode windows-amd64 compressed oops)
# Failed to write core dump. Minidumps are not enabled by default on client versions of Windows
#

---------------  T H R E A D  ---------------

Current thread (0x0000000002790800):  JavaThread "Unknown thread" [_thread_in_vm, id=5440, stack(0x0000000002590000,0x0000000002690000)]

Stack: [0x0000000002590000,0x0000000002690000]

---------------  P R O C E S S  ---------------

Java Threads: ( => current thread )

Other Threads:

=>0x0000000002790800 (exited) JavaThread "Unknown thread" [_thread_in_vm, id=5440, stack(0x0000000002590000,0x0000000002690000)]

VM state:not at safepoint (normal execution)

VM Mutex/Monitor currently owned by a thread: None

Heap
 PSYoungGen      total 28224K, used 485K [0x00000000eaab0000, 0x00000000eca20000, 0x0000000100000000)
  eden space 24256K, 2% used [0x00000000eaab0000,0x00000000eab294e8,0x00000000ec260000)
  from space 3968K, 0% used [0x00000000ec640000,0x00000000ec640000,0x00000000eca20000)
  to   space 3968K, 0% used [0x00000000ec260000,0x00000000ec260000,0x00000000ec640000)
 ParOldGen       total 64448K, used 0K [0x00000000c0000000, 0x00000000c3ef0000, 0x00000000eaab0000)
  object space 64448K, 0% used [0x00000000c0000000,0x00000000c0000000,0x00000000c3ef0000)
 PSPermGen       total 21248K, used 700K [0x00000000bae00000, 0x00000000bc2c0000, 0x00000000c0000000)
  object space 21248K, 3% used [0x00000000bae00000,0x00000000baeaf358,0x00000000bc2c0000)

Card table byte_map: [0x0000000005950000,0x0000000005b80000] byte_map_base: 0x0000000005379000

Polling page: 0x0000000000ad0000

Code Cache  [0x0000000002890000, 0x0000000002b00000, 0x0000000005890000)
 total_blobs=39 nmethods=0 adapters=20 free_code_cache=48889Kb largest_free_block=50062912

Compilation events (0 events):
No events

GC Heap History (0 events):
No events

Deoptimization events (0 events):
No events

Internal exceptions (0 events):
No events

Events (10 events):
Event: 0.022 loading class 0x00000000027a6900
Event: 0.022 loading class 0x00000000027a6900 done
Event: 0.022 loading class 0x00000000027a6840
Event: 0.022 loading class 0x00000000027a6840 done
Event: 0.022 loading class 0x00000000027a69f0
Event: 0.022 loading class 0x00000000027a69f0 done
Event: 0.023 loading class 0x00000000027a5990
Event: 0.023 loading class 0x00000000027a5990 done
Event: 0.023 loading class 0x00000000027a5d10
Event: 0.023 loading class 0x00000000027a5d10 done


Dynamic libraries:
0x00007ff6bad30000 - 0x00007ff6bad63000 	C:\Program Files\Java\jdk1.7.0_09\bin\java.exe
0x00007ff8dd520000 - 0x00007ff8dd6e1000 	C:\WINDOWS\SYSTEM32\ntdll.dll
0x00007ff8dacd0000 - 0x00007ff8dad7d000 	C:\WINDOWS\system32\KERNEL32.DLL
0x00007ff8da090000 - 0x00007ff8da278000 	C:\WINDOWS\system32\KERNELBASE.dll
0x00007ff8d8330000 - 0x00007ff8d83a9000 	C:\WINDOWS\system32\apphelp.dll
0x00007ff8dac20000 - 0x00007ff8dacc7000 	C:\WINDOWS\system32\ADVAPI32.dll
0x00007ff8dd0d0000 - 0x00007ff8dd16d000 	C:\WINDOWS\system32\msvcrt.dll
0x00007ff8daeb0000 - 0x00007ff8daf0b000 	C:\WINDOWS\system32\sechost.dll
0x00007ff8db070000 - 0x00007ff8db18c000 	C:\WINDOWS\system32\RPCRT4.dll
0x00007ff8daf10000 - 0x00007ff8db066000 	C:\WINDOWS\system32\USER32.dll
0x00007ff8da920000 - 0x00007ff8daaa6000 	C:\WINDOWS\system32\GDI32.dll
0x00007ff8ccca0000 - 0x00007ff8ccf14000 	C:\WINDOWS\WinSxS\amd64_microsoft.windows.common-controls_6595b64144ccf1df_6.0.10586.494_none_a2d8b04ea53e3145\COMCTL32.dll
0x00007ff8db5d0000 - 0x00007ff8db84d000 	C:\WINDOWS\system32\combase.dll
0x00007ff8d9e50000 - 0x00007ff8d9eba000 	C:\WINDOWS\system32\bcryptPrimitives.dll
0x00007ff8dad80000 - 0x00007ff8dadbb000 	C:\WINDOWS\system32\IMM32.DLL
0x0000000057650000 - 0x0000000057721000 	C:\Program Files\Java\jdk1.7.0_09\jre\bin\msvcr100.dll
0x0000000057a70000 - 0x000000005818f000 	C:\Program Files\Java\jdk1.7.0_09\jre\bin\server\jvm.dll
0x00007ff8db5c0000 - 0x00007ff8db5c8000 	C:\WINDOWS\system32\PSAPI.DLL
0x00007ff8cc1a0000 - 0x00007ff8cc1a9000 	C:\WINDOWS\SYSTEM32\WSOCK32.dll
0x00007ff8dadc0000 - 0x00007ff8dae2b000 	C:\WINDOWS\system32\WS2_32.dll
0x00007ff8d7dc0000 - 0x00007ff8d7de3000 	C:\WINDOWS\SYSTEM32\WINMM.dll
0x00007ff8d7d90000 - 0x00007ff8d7dbc000 	C:\WINDOWS\SYSTEM32\WINMMBASE.dll
0x00007ff8da280000 - 0x00007ff8da2c3000 	C:\WINDOWS\system32\cfgmgr32.dll
0x0000000057a60000 - 0x0000000057a6f000 	C:\Program Files\Java\jdk1.7.0_09\jre\bin\verify.dll
0x0000000057a30000 - 0x0000000057a58000 	C:\Program Files\Java\jdk1.7.0_09\jre\bin\java.dll
0x0000000057a10000 - 0x0000000057a25000 	C:\Program Files\Java\jdk1.7.0_09\jre\bin\zip.dll

VM Arguments:
jvm_args: -Djava.awt.headless=true -Xmx1024M -Dfile.encoding=windows-1252 -Duser.country=PE -Duser.language=es -Duser.variant 
java_command: com.android.dx.command.Main --dex --force-jumbo --num-threads=4 --multi-dex --output D:\Documentos\Proyectos_AndroidStudio\Android_MVP_Simple_Example\app\build\intermediates\transforms\dex\debug\folders\1000\5\slice_6 D:\Documentos\Proyectos_AndroidStudio\Android_MVP_Simple_Example\app\build\intermediates\transforms\instantRunSlicer\debug\folders\1\5\slice_6
Launcher Type: SUN_STANDARD

Environment Variables:
JAVA_HOME=C:\Program Files\Java\jdk1.7.0_09
PATH=C:\ProgramData\Oracle\Java\javapath;C:\Program Files (x86)\Rockwell Software\RSCommon;C:\WINDOWS\system32;C:\WINDOWS;C:\WINDOWS\System32\Wbem;C:\WINDOWS\System32\WindowsPowerShell\v1.0\;C:\Program Files\Java\jdk1.7.0_09\bin\;C:\Program Files\MySQL\MySQL Server 5.5\bin;C:\Program Files\Microsoft SQL Server\110\DTS\Binn\;C:\Program Files (x86)\Microsoft SQL Server\110\Tools\Binn\;C:\Program Files\Microsoft SQL Server\110\Tools\Binn\;C:\Program Files (x86)\Microsoft SQL Server\110\Tools\Binn\ManagementStudio\;C:\Program Files (x86)\Microsoft Visual Studio 10.0\Common7\IDE\PrivateAssemblies\;C:\Program Files (x86)\Microsoft SQL Server\110\DTS\Binn\;C:\Program Files\Microsoft\Web Platform Installer\;C:\Program Files (x86)\Microsoft ASP.NET\ASP.NET Web Pages\v1.0\;C:\Program Files (x86)\Windows Kits\8.0\Windows Performance Toolkit\;C:\Python27;C:\android-sdk-windows\SDK Manager.exe;C:\Program Files (x86)\Intel\OpenCL SDK\2.0\bin\x86;C:\Program Files (x86)\Intel\OpenCL SDK\2.0\bin\x64;C:\Program Files (x86)\GtkSharp\2.12\bin;C:\Program Files (x86)\Skype\Phone\;
USERNAME=Neyo
OS=Windows_NT
PROCESSOR_IDENTIFIER=Intel64 Family 6 Model 42 Stepping 7, GenuineIntel



---------------  S Y S T E M  ---------------

OS: Windows 8 , 64 bit Build 9200 

CPU:total 4 (2 cores per cpu, 2 threads per core) family 6 model 42 stepping 7, cmov, cx8, fxsr, mmx, sse, sse2, sse3, ssse3, sse4.1, sse4.2, popcnt, avx, ht, tsc, tscinvbit

Memory: 4k page, physical 6183080k(1134632k free), swap 8011236k(4768k free)

vm_info: Java HotSpot(TM) 64-Bit Server VM (23.5-b02) for windows-amd64 JRE (1.7.0_09-b05), built on Sep 24 2012 21:45:04 by "java_re" with unknown MS VC++:1600

time: Thu Jul 28 02:54:49 2016
elapsed time: 0 seconds

